<?xml version="1.0" encoding="UTF-8"?>
<!-- Generated by org.testng.reporters.JUnitReportReporter -->
<testsuite hostname="DESKTOP-OL53R8O" failures="0" tests="2" name="com.sgtesting.softassertion.AssertTrueFalseDemo" time="0.015" errors="0" timestamp="2022-11-09T13:59:49 IST" skipped="0">
  <testcase classname="com.sgtesting.softassertion.AssertTrueFalseDemo" name="assertFalseDemo" time="0.014"/>
  <system-out/>
  <testcase classname="com.sgtesting.softassertion.AssertTrueFalseDemo" name="assertTrueDemo" time="0.001"/>
  <system-out/>
</testsuite> <!-- com.sgtesting.softassertion.AssertTrueFalseDemo -->
